生成启动时间为 2013/11/17 11:48:25。
     1>项目“C:\Users\Administrator\Documents\Visual Studio 2010\Projects\Filehide\Filehide\Filehide.vcxproj”在节点 2 上(build 个目标)。
     1>InitializeBuildStatus:
         正在创建“Release\Filehide.unsuccessfulbuild”，因为已指定“AlwaysCreate”。
       ClCompile:
         所有输出均为最新。
         所有输出均为最新。
       ResourceCompile:
         所有输出均为最新。
       Link:
         所有输出均为最新。
         Filehide.vcxproj -> C:\Users\Administrator\Documents\Visual Studio 2010\Projects\Filehide\Release\Filehide.exe
       Manifest:
         所有输出均为最新。
       FinalizeBuildStatus:
         正在删除文件“Release\Filehide.unsuccessfulbuild”。
         正在对“Release\Filehide.lastbuildstate”执行 Touch 任务。
     1>已完成生成项目“C:\Users\Administrator\Documents\Visual Studio 2010\Projects\Filehide\Filehide\Filehide.vcxproj”(build 个目标)的操作。

生成成功。

已用时间 00:00:00.08
